<?xml version="1.0" encoding="UTF-8"?>
<!-- Generated by org.testng.reporters.JUnitXMLReporter -->
<testsuite ignored="0" hostname="IN-PPM109253" failures="1" tests="3" name="Shoping Cart Test" time="20.41" errors="0" timestamp="2025-06-30T22:07:46 IST">
  <testcase classname="testCases.TC002_LoginTest" name="verify_login" time="1.534"/>
  <testcase classname="testCases.TC003_AddToCart" name="AddCart" time="1.002"/>
  <testcase classname="testCases.TC004_CartPage" name="Cart" time="6.337">
    <failure type="java.lang.AssertionError" message="null">
      <![CDATA[java.lang.AssertionError: null
at testCases.TC004_CartPage.Cart(TC004_CartPage.java:27)
at java.base/java.util.ArrayList.forEach(ArrayList.java:1596)
... Removed 27 stack frames]]>
    </failure>
  </testcase> <!-- Cart -->
</testsuite> <!-- Shoping Cart Test -->
