<?xml version="1.0" encoding="UTF-8"?>
<testng-results ignored="0" total="3" passed="2" failed="1" skipped="0">
  <reporter-output>
  </reporter-output>
  <suite started-at="2025-06-30T22:07:25 IST" name="Suite" finished-at="2025-06-30T22:07:46 IST" duration-ms="20410">
    <groups>
      <group name="Master">
        <method signature="TC002_LoginTest.verify_login()[pri:0, instance:testCases.TC002_LoginTest@386f0da3]" name="verify_login" class="testCases.TC002_LoginTest"/>
      </group> <!-- Master -->
      <group name="Sanity">
        <method signature="TC002_LoginTest.verify_login()[pri:0, instance:testCases.TC002_LoginTest@386f0da3]" name="verify_login" class="testCases.TC002_LoginTest"/>
      </group> <!-- Sanity -->
      <group name="cartSetup">
        <method signature="TC003_AddToCart.AddCart()[pri:0, instance:testCases.TC003_AddToCart@4b6e2263]" name="AddCart" class="testCases.TC003_AddToCart"/>
      </group> <!-- cartSetup -->
    </groups>
    <test started-at="2025-06-30T22:07:25 IST" name="Shoping Cart Test" finished-at="2025-06-30T22:07:46 IST" duration-ms="20410">
      <class name="testCases.TC002_LoginTest">
        <test-method is-config="true" signature="setup()[pri:0, instance:testCases.TC002_LoginTest@386f0da3]" started-at="2025-06-30T22:07:25 IST" name="setup" finished-at="2025-06-30T22:07:30 IST" duration-ms="4504" status="PASS">
          <reporter-output>
          </reporter-output>
        </test-method> <!-- setup -->
        <test-method signature="verify_login()[pri:0, instance:testCases.TC002_LoginTest@386f0da3]" started-at="2025-06-30T22:07:30 IST" name="verify_login" finished-at="2025-06-30T22:07:31 IST" duration-ms="1534" status="PASS">
          <reporter-output>
          </reporter-output>
        </test-method> <!-- verify_login -->
        <test-method is-config="true" signature="close()[pri:0, instance:testCases.TC002_LoginTest@386f0da3]" started-at="2025-06-30T22:07:31 IST" name="close" finished-at="2025-06-30T22:07:32 IST" duration-ms="251" status="PASS">
          <reporter-output>
          </reporter-output>
        </test-method> <!-- close -->
      </class> <!-- testCases.TC002_LoginTest -->
      <class name="testCases.TC004_CartPage">
        <test-method is-config="true" signature="setup()[pri:0, instance:testCases.TC004_CartPage@344f4dea]" started-at="2025-06-30T22:07:36 IST" name="setup" finished-at="2025-06-30T22:07:39 IST" duration-ms="2685" status="PASS">
          <reporter-output>
          </reporter-output>
        </test-method> <!-- setup -->
        <test-method signature="Cart()[pri:0, instance:testCases.TC004_CartPage@344f4dea]" started-at="2025-06-30T22:07:39 IST" name="Cart" depends-on-groups="cartSetup" finished-at="2025-06-30T22:07:45 IST" duration-ms="6337" status="FAIL">
          <exception class="java.lang.AssertionError">
            <message>
              <![CDATA[null]]>
            </message>
            <full-stacktrace>
              <![CDATA[java.lang.AssertionError: null
at org.testng.Assert.fail(Assert.java:111)
at org.testng.Assert.fail(Assert.java:116)
at testCases.TC004_CartPage.Cart(TC004_CartPage.java:27)
at java.base/jdk.internal.reflect.DirectMethodHandleAccessor.invoke(DirectMethodHandleAccessor.java:103)
at java.base/java.lang.reflect.Method.invoke(Method.java:580)
at org.testng.internal.invokers.MethodInvocationHelper.invokeMethod(MethodInvocationHelper.java:141)
at org.testng.internal.invokers.TestInvoker.invokeMethod(TestInvoker.java:687)
at org.testng.internal.invokers.TestInvoker.invokeTestMethod(TestInvoker.java:230)
at org.testng.internal.invokers.MethodRunner.runInSequence(MethodRunner.java:63)
at org.testng.internal.invokers.TestInvoker$MethodInvocationAgent.invoke(TestInvoker.java:995)
at org.testng.internal.invokers.TestInvoker.invokeTestMethods(TestInvoker.java:203)
at org.testng.internal.invokers.TestMethodWorker.invokeTestMethods(TestMethodWorker.java:154)
at org.testng.internal.invokers.TestMethodWorker.run(TestMethodWorker.java:134)
at java.base/java.util.ArrayList.forEach(ArrayList.java:1596)
at org.testng.TestRunner.privateRun(TestRunner.java:741)
at org.testng.TestRunner.run(TestRunner.java:616)
at org.testng.SuiteRunner.runTest(SuiteRunner.java:421)
at org.testng.SuiteRunner.runSequentially(SuiteRunner.java:413)
at org.testng.SuiteRunner.privateRun(SuiteRunner.java:373)
at org.testng.SuiteRunner.run(SuiteRunner.java:312)
at org.testng.SuiteRunnerWorker.runSuite(SuiteRunnerWorker.java:52)
at org.testng.SuiteRunnerWorker.run(SuiteRunnerWorker.java:95)
at org.testng.TestNG.runSuitesSequentially(TestNG.java:1274)
at org.testng.TestNG.runSuitesLocally(TestNG.java:1208)
at org.testng.TestNG.runSuites(TestNG.java:1112)
at org.testng.TestNG.run(TestNG.java:1079)
at org.testng.remote.AbstractRemoteTestNG.run(AbstractRemoteTestNG.java:115)
at org.testng.remote.RemoteTestNG.initAndRun(RemoteTestNG.java:293)
at org.testng.remote.RemoteTestNG.main(RemoteTestNG.java:91)
]]>
            </full-stacktrace>
          </exception> <!-- java.lang.AssertionError -->
          <reporter-output>
          </reporter-output>
        </test-method> <!-- Cart -->
        <test-method is-config="true" signature="close()[pri:0, instance:testCases.TC004_CartPage@344f4dea]" started-at="2025-06-30T22:07:45 IST" name="close" finished-at="2025-06-30T22:07:46 IST" duration-ms="143" status="PASS">
          <reporter-output>
          </reporter-output>
        </test-method> <!-- close -->
      </class> <!-- testCases.TC004_CartPage -->
      <class name="testCases.TC003_AddToCart">
        <test-method is-config="true" signature="setup()[pri:0, instance:testCases.TC003_AddToCart@4b6e2263]" started-at="2025-06-30T22:07:32 IST" name="setup" finished-at="2025-06-30T22:07:35 IST" duration-ms="3649" status="PASS">
          <reporter-output>
          </reporter-output>
        </test-method> <!-- setup -->
        <test-method signature="AddCart()[pri:0, instance:testCases.TC003_AddToCart@4b6e2263]" started-at="2025-06-30T22:07:35 IST" name="AddCart" finished-at="2025-06-30T22:07:36 IST" duration-ms="1002" status="PASS">
          <reporter-output>
          </reporter-output>
        </test-method> <!-- AddCart -->
        <test-method is-config="true" signature="close()[pri:0, instance:testCases.TC003_AddToCart@4b6e2263]" started-at="2025-06-30T22:07:36 IST" name="close" finished-at="2025-06-30T22:07:36 IST" duration-ms="247" status="PASS">
          <reporter-output>
          </reporter-output>
        </test-method> <!-- close -->
      </class> <!-- testCases.TC003_AddToCart -->
    </test> <!-- Shoping Cart Test -->
  </suite> <!-- Suite -->
</testng-results>
